<?xml version="1.0" encoding="UTF-8"?>
<testsuite xmlns:xsi="http://www.w3.org/2001/XMLSchema-instance" xsi:noNamespaceSchemaLocation="https://maven.apache.org/surefire/maven-surefire-plugin/xsd/surefire-test-report-3.0.xsd" version="3.0" name="UsersetsTest" time="0.267" tests="1" errors="1" skipped="0" failures="0">
  <properties>
[...]
</properties>
  <testcase name="testUsersetsReturns200OKAndValidJson" classname="UsersetsTest" time="0.265">
    <error message="Lexing failed on line: 1, column: 1, while reading &apos;﻿&apos;, no possible valid JSON value or punctuation could be recognized." type="groovy.json.JsonException"><![CDATA[groovy.json.JsonException: Lexing failed on line: 1, column: 1, while reading '﻿', no possible valid JSON value or punctuation could be recognized.
	at groovy.json.JsonLexer.nextToken(JsonLexer.java:86)
	at groovy.json.JsonLexer$nextToken.call(Unknown Source)
	at io.restassured.internal.path.json.ConfigurableJsonSlurper.parse(ConfigurableJsonSlurper.groovy:97)
	at io.restassured.internal.path.json.ConfigurableJsonSlurper$parse$0.callCurrent(Unknown Source)
	at io.restassured.internal.path.json.ConfigurableJsonSlurper.parseText(ConfigurableJsonSlurper.groovy:83)
	at io.restassured.internal.path.json.ConfigurableJsonSlurper$parseText.call(Unknown Source)
	at io.restassured.internal.ContentParser.parse(ContentParser.groovy:42)
	at io.restassured.internal.ContentParser$parse.call(Unknown Source)
	at io.restassured.internal.ResponseSpecificationImpl$HamcrestAssertionClosure.validate(ResponseSpecificationImpl.groovy:497)
	at io.restassured.internal.ResponseSpecificationImpl$HamcrestAssertionClosure$validate$1.call(Unknown Source)
	at io.restassured.internal.ResponseSpecificationImpl.validateResponseIfRequired(ResponseSpecificationImpl.groovy:696)
	at io.restassured.internal.ResponseSpecificationImpl.this$2$validateResponseIfRequired(ResponseSpecificationImpl.groovy)
	at jdk.internal.reflect.GeneratedMethodAccessor58.invoke(Unknown Source)
	at java.base/jdk.internal.reflect.DelegatingMethodAccessorImpl.invoke(DelegatingMethodAccessorImpl.java:43)
	at java.base/java.lang.reflect.Method.invoke(Method.java:566)
	at org.codehaus.groovy.runtime.callsite.PlainObjectMetaMethodSite.doInvoke(PlainObjectMetaMethodSite.java:43)
	at org.codehaus.groovy.runtime.callsite.PogoMetaMethodSite$PogoCachedMethodSiteNoUnwrapNoCoerce.invoke(PogoMetaMethodSite.java:198)
	at org.codehaus.groovy.runtime.callsite.PogoMetaMethodSite.callCurrent(PogoMetaMethodSite.java:62)
	at org.codehaus.groovy.runtime.callsite.AbstractCallSite.callCurrent(AbstractCallSite.java:185)
	at io.restassured.internal.ResponseSpecificationImpl.body(ResponseSpecificationImpl.groovy:270)
	at io.restassured.specification.ResponseSpecification$body$1.callCurrent(Unknown Source)
	at io.restassured.internal.ResponseSpecificationImpl.body(ResponseSpecificationImpl.groovy:117)
	at io.restassured.internal.ValidatableResponseOptionsImpl.body(ValidatableResponseOptionsImpl.java:244)
	at UsersetsTest.testUsersetsReturns200OKAndValidJson(UsersetsTest.java:44)
	at java.base/jdk.internal.reflect.NativeMethodAccessorImpl.invoke0(Native Method)
	at java.base/jdk.internal.reflect.NativeMethodAccessorImpl.invoke(NativeMethodAccessorImpl.java:62)
	at java.base/jdk.internal.reflect.DelegatingMethodAccessorImpl.invoke(DelegatingMethodAccessorImpl.java:43)
	at java.base/java.lang.reflect.Method.invoke(Method.java:566)
	at org.junit.platform.commons.util.ReflectionUtils.invokeMethod(ReflectionUtils.java:688)
	at org.junit.jupiter.engine.execution.MethodInvocation.proceed(MethodInvocation.java:60)
	at org.junit.jupiter.engine.execution.InvocationInterceptorChain$ValidatingInvocation.proceed(InvocationInterceptorChain.java:131)
	at org.junit.jupiter.engine.extension.TimeoutExtension.intercept(TimeoutExtension.java:149)
	at org.junit.jupiter.engine.extension.TimeoutExtension.interceptTestableMethod(TimeoutExtension.java:140)
	at org.junit.jupiter.engine.extension.TimeoutExtension.interceptTestMethod(TimeoutExtension.java:84)
	at org.junit.jupiter.engine.execution.ExecutableInvoker$ReflectiveInterceptorCall.lambda$ofVoidMethod$0(ExecutableInvoker.java:115)
	at org.junit.jupiter.engine.execution.ExecutableInvoker.lambda$invoke$0(ExecutableInvoker.java:105)
	at org.junit.jupiter.engine.execution.InvocationInterceptorChain$InterceptedInvocation.proceed(InvocationInterceptorChain.java:106)
	at org.junit.jupiter.engine.execution.InvocationInterceptorChain.proceed(InvocationInterceptorChain.java:64)
	at org.junit.jupiter.engine.execution.InvocationInterceptorChain.chainAndInvoke(InvocationInterceptorChain.java:45)
	at org.junit.jupiter.engine.execution.InvocationInterceptorChain.invoke(InvocationInterceptorChain.java:37)
	at org.junit.jupiter.engine.execution.ExecutableInvoker.invoke(ExecutableInvoker.java:104)
	at org.junit.jupiter.engine.execution.ExecutableInvoker.invoke(ExecutableInvoker.java:98)
	at org.junit.jupiter.engine.descriptor.TestMethodTestDescriptor.lambda$invokeTestMethod$6(TestMethodTestDescriptor.java:210)
	at org.junit.platform.engine.support.hierarchical.ThrowableCollector.execute(ThrowableCollector.java:73)
	at org.junit.jupiter.engine.descriptor.TestMethodTestDescriptor.invokeTestMethod(TestMethodTestDescriptor.java:206)
	at org.junit.jupiter.engine.descriptor.TestMethodTestDescriptor.execute(TestMethodTestDescriptor.java:131)
	at org.junit.jupiter.engine.descriptor.TestMethodTestDescriptor.execute(TestMethodTestDescriptor.java:65)
	at org.junit.platform.engine.support.hierarchical.NodeTestTask.lambda$executeRecursively$5(NodeTestTask.java:139)
	at org.junit.platform.engine.support.hierarchical.ThrowableCollector.execute(ThrowableCollector.java:73)
	at org.junit.platform.engine.support.hierarchical.NodeTestTask.lambda$executeRecursively$7(NodeTestTask.java:129)
	at org.junit.platform.engine.support.hierarchical.Node.around(Node.java:137)
	at org.junit.platform.engine.support.hierarchical.NodeTestTask.lambda$executeRecursively$8(NodeTestTask.java:127)
	at org.junit.platform.engine.support.hierarchical.ThrowableCollector.execute(ThrowableCollector.java:73)
	at org.junit.platform.engine.support.hierarchical.NodeTestTask.executeRecursively(NodeTestTask.java:126)
	at org.junit.platform.engine.support.hierarchical.NodeTestTask.execute(NodeTestTask.java:84)
	at java.base/java.util.ArrayList.forEach(ArrayList.java:1541)
	at org.junit.platform.engine.support.hierarchical.SameThreadHierarchicalTestExecutorService.invokeAll(SameThreadHierarchicalTestExecutorService.java:38)
	at org.junit.platform.engine.support.hierarchical.NodeTestTask.lambda$executeRecursively$5(NodeTestTask.java:143)
	at org.junit.platform.engine.support.hierarchical.ThrowableCollector.execute(ThrowableCollector.java:73)
	at org.junit.platform.engine.support.hierarchical.NodeTestTask.lambda$executeRecursively$7(NodeTestTask.java:129)
	at org.junit.platform.engine.support.hierarchical.Node.around(Node.java:137)
	at org.junit.platform.engine.support.hierarchical.NodeTestTask.lambda$executeRecursively$8(NodeTestTask.java:127)
	at org.junit.platform.engine.support.hierarchical.ThrowableCollector.execute(ThrowableCollector.java:73)
	at org.junit.platform.engine.support.hierarchical.NodeTestTask.executeRecursively(NodeTestTask.java:126)
	at org.junit.platform.engine.support.hierarchical.NodeTestTask.execute(NodeTestTask.java:84)
	at java.base/java.util.ArrayList.forEach(ArrayList.java:1541)
	at org.junit.platform.engine.support.hierarchical.SameThreadHierarchicalTestExecutorService.invokeAll(SameThreadHierarchicalTestExecutorService.java:38)
	at org.junit.platform.engine.support.hierarchical.NodeTestTask.lambda$executeRecursively$5(NodeTestTask.java:143)
	at org.junit.platform.engine.support.hierarchical.ThrowableCollector.execute(ThrowableCollector.java:73)
	at org.junit.platform.engine.support.hierarchical.NodeTestTask.lambda$executeRecursively$7(NodeTestTask.java:129)
	at org.junit.platform.engine.support.hierarchical.Node.around(Node.java:137)
	at org.junit.platform.engine.support.hierarchical.NodeTestTask.lambda$executeRecursively$8(NodeTestTask.java:127)
	at org.junit.platform.engine.support.hierarchical.ThrowableCollector.execute(ThrowableCollector.java:73)
	at org.junit.platform.engine.support.hierarchical.NodeTestTask.executeRecursively(NodeTestTask.java:126)
	at org.junit.platform.engine.support.hierarchical.NodeTestTask.execute(NodeTestTask.java:84)
	at org.junit.platform.engine.support.hierarchical.SameThreadHierarchicalTestExecutorService.submit(SameThreadHierarchicalTestExecutorService.java:32)
	at org.junit.platform.engine.support.hierarchical.HierarchicalTestExecutor.execute(HierarchicalTestExecutor.java:57)
	at org.junit.platform.engine.support.hierarchical.HierarchicalTestEngine.execute(HierarchicalTestEngine.java:51)
	at org.junit.platform.launcher.core.EngineExecutionOrchestrator.execute(EngineExecutionOrchestrator.java:108)
	at org.junit.platform.launcher.core.EngineExecutionOrchestrator.execute(EngineExecutionOrchestrator.java:88)
	at org.junit.platform.launcher.core.EngineExecutionOrchestrator.lambda$execute$0(EngineExecutionOrchestrator.java:54)
	at org.junit.platform.launcher.core.EngineExecutionOrchestrator.withInterceptedStreams(EngineExecutionOrchestrator.java:67)
	at org.junit.platform.launcher.core.EngineExecutionOrchestrator.execute(EngineExecutionOrchestrator.java:52)
	at org.junit.platform.launcher.core.DefaultLauncher.execute(DefaultLauncher.java:96)
	at org.junit.platform.launcher.core.DefaultLauncher.execute(DefaultLauncher.java:75)
	at org.apache.maven.surefire.junitplatform.LazyLauncher.execute(LazyLauncher.java:56)
	at org.apache.maven.surefire.junitplatform.JUnitPlatformProvider.execute(JUnitPlatformProvider.java:184)
	at org.apache.maven.surefire.junitplatform.JUnitPlatformProvider.invokeAllTests(JUnitPlatformProvider.java:148)
	at org.apache.maven.surefire.junitplatform.JUnitPlatformProvider.invoke(JUnitPlatformProvider.java:122)
	at org.apache.maven.surefire.booter.ForkedBooter.runSuitesInProcess(ForkedBooter.java:385)
	at org.apache.maven.surefire.booter.ForkedBooter.execute(ForkedBooter.java:162)
	at org.apache.maven.surefire.booter.ForkedBooter.run(ForkedBooter.java:507)
	at org.apache.maven.surefire.booter.ForkedBooter.main(ForkedBooter.java:495)
]]></error>
    <system-out><![CDATA[🚀 Cleaned JSON Response: {
  "count": 1760328,
  "elapsedMilliseconds": 104,
  "userSets": [
    {
      "links": {
        "self": "https://www.rijksmuseum.nl/api/usersets/2525118-mijn-producten",
        "web": "https://www.rijksmuseum.nl/nl/mijn/verzamelingen/2525118--ophelia/mijn-producten"
      },
      "id": "2525118-mijn-producten",
      "count": 0,
      "type": "Creations",
      "name": "Mijn Producten",
      "slug": "mijn-producten",
      "description": null,
      "user": {
        "id": 2525118,
        "name": "ophelia",
        "lang": "en",
        "avatarUrl": null,
        "headerUrl": null,
        "initials": "O"
      },
      "createdOn": "2019-07-07T20:21:58.543Z",
      "updatedOn": "2019-07-07T20:21:58.543Z"
    },
    {
      "links": {
        "self": "https://www.rijksmuseum.nl/api/usersets/1751828-mijn-eerste-verzameling",
        "web": "https://www.rijksmuseum.nl/nl/mijn/verzamelingen/1751828--thierry/mijn-eerste-verzameling"
      },
      "id": "1751828-mijn-eerste-verzameling",
      "count": 0,
      "type": "Default",
      "name": "Mijn eerste verzameling",
      "slug": "mijn-eerste-verzameling",
      "description": null,
      "user": {
        "id": 1751828,
        "name": "Thierry",
        "lang": "fr",
        "avatarUrl": null,
        "headerUrl": null,
        "initials": "TM"
      },
      "createdOn": "2016-09-16T08:00:55.653Z",
      "updatedOn": "2016-09-16T08:00:55.653Z"
    },
    {
      "links": {
        "self": "https://www.rijksmuseum.nl/api/usersets/1893467-mijn-eerste-verzameling",
        "web": "https://www.rijksmuseum.nl/nl/mijn/verzamelingen/1893467--cees-bierkens/mijn-eerste-verzameling"
      },
      "id": "1893467-mijn-eerste-verzameling",
      "count": 0,
      "type": "Default",
      "name": "Mijn eerste verzameling",
      "slug": "mijn-eerste-verzameling",
      "description": null,
      "user": {
        "id": 1893467,
        "name": "Cees Bierkens",
        "lang": "nl",
        "avatarUrl": null,
        "headerUrl": null,
        "initials": "CB"
      },
      "createdOn": "2017-05-02T10:47:45.94Z",
      "updatedOn": "2017-05-02T10:47:45.94Z"
    },
    {
      "links": {
        "self": "https://www.rijksmuseum.nl/api/usersets/3671167-mijn-eerste-verzameling",
        "web": "https://www.rijksmuseum.nl/nl/mijn/verzamelingen/3671167--rousseau/mijn-eerste-verzameling"
      },
      "id": "3671167-mijn-eerste-verzameling",
      "count": 0,
      "type": "Default",
      "name": "Mijn eerste verzameling",
      "slug": "mijn-eerste-verzameling",
      "description": null,
      "user": {
        "id": 3671167,
        "name": "Rousseau",
        "lang": "nl",
        "avatarUrl": null,
        "headerUrl": null,
        "initials": "R"
      },
      "createdOn": "2022-10-10T12:07:47.203Z",
      "updatedOn": "2022-10-10T12:07:47.203Z"
    },
    {
      "links": {
        "self": "https://www.rijksmuseum.nl/api/usersets/2638402-meestermatches",
        "web": "https://www.rijksmuseum.nl/nl/mijn/verzamelingen/2638402--marieviney/meestermatches"
      },
      "id": "2638402-meestermatches",
      "count": 25,
      "type": "Default",
      "name": "Meestermatches",
      "slug": "meestermatches",
      "description": null,
      "user": {
        "id": 2638402,
        "name": "MarieViney",
        "lang": "en",
        "avatarUrl": null,
        "headerUrl": null,
        "initials": "M"
      },
      "createdOn": "2019-11-04T00:44:46.68Z",
      "updatedOn": "2019-11-04T00:44:46.68Z"
    },
    {
      "links": {
        "self": "https://www.rijksmuseum.nl/api/usersets/3441586-mijn-producten",
        "web": "https://www.rijksmuseum.nl/nl/mijn/verzamelingen/3441586--rodrigo-yuji-ueta/mijn-producten"
      },
      "id": "3441586-mijn-producten",
      "count": 0,
      "type": "Creations",
      "name": "Mijn Producten",
      "slug": "mijn-producten",
      "description": null,
      "user": {
        "id": 3441586,
        "name": "Rodrigo Yuji Ueta",
        "lang": "en",
        "avatarUrl": null,
        "headerUrl": null,
        "initials": "RY"
      },
      "createdOn": "2022-06-12T19:09:09.05Z",
      "updatedOn": "2022-06-12T19:09:09.05Z"
    },
    {
      "links": {
        "self": "https://www.rijksmuseum.nl/api/usersets/2547819-mijn-producten",
        "web": "https://www.rijksmuseum.nl/nl/mijn/verzamelingen/2547819--misaki-sanui/mijn-producten"
      },
      "id": "2547819-mijn-producten",
      "count": 0,
      "type": "Creations",
      "name": "Mijn Producten",
      "slug": "mijn-producten",
      "description": null,
      "user": {
        "id": 2547819,
        "name": "Misaki Sanui",
        "lang": "en",
        "avatarUrl": null,
        "headerUrl": null,
        "initials": "MS"
      },
      "createdOn": "2019-08-24T21:36:45.767Z",
      "updatedOn": "2019-08-24T21:36:45.767Z"
    },
    {
      "links": {
        "self": "https://www.rijksmuseum.nl/api/usersets/2957903-mijn-producten",
        "web": "https://www.rijksmuseum.nl/nl/mijn/verzamelingen/2957903--vedant-rastogi/mijn-producten"
      },
      "id": "2957903-mijn-producten",
      "count": 0,
      "type": "Creations",
      "name": "Mijn Producten",
      "slug": "mijn-producten",
      "description": null,
      "user": {
        "id": 2957903,
        "name": "vedant rastogi",
        "lang": "en",
        "avatarUrl": null,
        "headerUrl": null,
        "initials": "vR"
      },
      "createdOn": "2021-04-29T04:37:36.51Z",
      "updatedOn": "2021-04-29T04:37:36.51Z"
    },
    {
      "links": {
        "self": "https://www.rijksmuseum.nl/api/usersets/127320-my-first-collection",
        "web": "https://www.rijksmuseum.nl/nl/mijn/verzamelingen/127320--ayano/my-first-collection"
      },
      "id": "127320-my-first-collection",
      "count": 0,
      "type": "Default",
      "name": "My first collection",
      "slug": "my-first-collection",
      "description": null,
      "user": {
        "id": 127320,
        "name": "ayano",
        "lang": "en",
        "avatarUrl": null,
        "headerUrl": null,
        "initials": "A"
      },
      "createdOn": "2014-01-16T18:24:37.823Z",
      "updatedOn": "2015-05-13T11:49:33.35Z"
    },
    {
      "links": {
        "self": "https://www.rijksmuseum.nl/api/usersets/205409-mijn-producten",
        "web": "https://www.rijksmuseum.nl/nl/mijn/verzamelingen/205409--nathalie-van-leeuwen/mijn-producten"
      },
      "id": "205409-mijn-producten",
      "count": 0,
      "type": "Creations",
      "name": "Mijn Producten",
      "slug": "mijn-producten",
      "description": null,
      "user": {
        "id": 205409,
        "name": "Nathalie van Leeuwen",
        "lang": "nl",
        "avatarUrl": null,
        "headerUrl": null,
        "initials": "NL"
      },
      "createdOn": "2015-04-30T11:21:57.413Z",
      "updatedOn": "2015-05-13T11:49:33.36Z"
    }
  ]
}
]]></system-out>
  </testcase>
</testsuite>