<?xml version="1.0" encoding="UTF-8"?>
<testsuite xmlns:xsi="http://www.w3.org/2001/XMLSchema-instance" xsi:noNamespaceSchemaLocation="https://maven.apache.org/surefire/maven-surefire-plugin/xsd/surefire-test-report-3.0.xsd" version="3.0" name="ImageTests" time="0.922" tests="5" errors="0" skipped="0" failures="0">
  <properties>
[...]
</properties>
  <testcase name="testRetrieveTilesWithoutApiKey" classname="ImageTests" time="0.135"/>
  <testcase name="testRetrieveTilesWithValidApiKey" classname="ImageTests" time="0.345"/>
  <testcase name="testResponseTimeForTiles" classname="ImageTests" time="0.294"/>
  <testcase name="testRetrieveTilesWithInvalidObjectId" classname="ImageTests" time="0.081"/>
  <testcase name="testRetrieveTilesWithInvalidApiKey" classname="ImageTests" time="0.064"/>
</testsuite>